<?xml version="1.0" encoding="UTF-8"?>
<!-- Generated by org.testng.reporters.JUnitReportReporter -->
<testsuite hostname="DESKTOP-HQD0S3P" failures="0" tests="1" name="com.qa.TestLayer.DashBoard" time="36.148" errors="0" timestamp="2022-10-12T19:32:03 IST" skipped="0">
  <testcase classname="com.qa.TestLayer.DashBoard" name="verifydashboard" time="36.148"/>
  <system-out/>
</testsuite> <!-- com.qa.TestLayer.DashBoard -->
